[debug] [2022-12-02T05:17:03.602Z] ----------------------------------------------------------------------
[debug] [2022-12-02T05:17:03.606Z] Command:       C:\Program Files\nodejs\node.exe C:\Users\Aryan Maurya\AppData\Roaming\npm\node_modules\firebase-tools\lib\bin\firebase.js emulators:start
[debug] [2022-12-02T05:17:03.607Z] CLI Version:   11.16.1
[debug] [2022-12-02T05:17:03.607Z] Platform:      win32
[debug] [2022-12-02T05:17:03.607Z] Node Version:  v16.17.1
[debug] [2022-12-02T05:17:03.609Z] Time:          Fri Dec 02 2022 10:47:03 GMT+0530 (India Standard Time)
[debug] [2022-12-02T05:17:03.610Z] ----------------------------------------------------------------------
[debug] 
[debug] [2022-12-02T05:17:03.716Z] > command requires scopes: ["email","openid","https://www.googleapis.com/auth/cloudplatformprojects.readonly","https://www.googleapis.com/auth/firebase","https://www.googleapis.com/auth/cloud-platform"]
[debug] [2022-12-02T05:17:03.716Z] > authorizing via signed-in user (aryanmaurya383@gmail.com)
[info] i  emulators: Starting emulators: functions, hosting {"metadata":{"emulator":{"name":"hub"},"message":"Starting emulators: functions, hosting"}}
[debug] [2022-12-02T05:17:03.728Z] [logging] Logging Emulator only supports listening on one address (127.0.0.1). Not listening on ::1
[debug] [2022-12-02T05:17:03.728Z] [hosting] Hosting Emulator only supports listening on one address (127.0.0.1). Not listening on ::1
[debug] [2022-12-02T05:17:03.729Z] assigned listening specs for emulators {"user":{"hub":[{"address":"127.0.0.1","family":"IPv4","port":4400},{"address":"::1","family":"IPv6","port":4400}],"ui":[{"address":"127.0.0.1","family":"IPv4","port":4000},{"address":"::1","family":"IPv6","port":4000}],"logging":[{"address":"127.0.0.1","family":"IPv4","port":4500}],"hosting":[{"address":"127.0.0.1","family":"IPv4","port":5000}]},"metadata":{"message":"assigned listening specs for emulators"}}
[debug] [2022-12-02T05:17:03.738Z] [hub] writing locator at C:\Users\ARYANM~1\AppData\Local\Temp\hub-react-clone-616b4.json
[debug] [2022-12-02T05:17:03.766Z] [functions] Functions Emulator only supports listening on one address (127.0.0.1). Not listening on ::1
[debug] [2022-12-02T05:17:03.766Z] [eventarc] Eventarc Emulator only supports listening on one address (127.0.0.1). Not listening on ::1
[debug] [2022-12-02T05:17:03.767Z] late-assigned ports for functions and eventarc emulators {"user":{"hub":[{"address":"127.0.0.1","family":"IPv4","port":4400},{"address":"::1","family":"IPv6","port":4400}],"ui":[{"address":"127.0.0.1","family":"IPv4","port":4000},{"address":"::1","family":"IPv6","port":4000}],"logging":[{"address":"127.0.0.1","family":"IPv4","port":4500}],"hosting":[{"address":"127.0.0.1","family":"IPv4","port":5000}],"functions":[{"address":"127.0.0.1","family":"IPv4","port":5001}],"eventarc":[{"address":"127.0.0.1","family":"IPv4","port":9299}]},"metadata":{"message":"late-assigned ports for functions and eventarc emulators"}}
[warn] !  functions: The following emulators are not running, calls to these services from the Functions emulator will affect production: auth, firestore, database, pubsub, storage {"metadata":{"emulator":{"name":"functions"},"message":"The following emulators are not running, calls to these services from the Functions emulator will affect production: \u001b[1mauth, firestore, database, pubsub, storage\u001b[22m"}}
[info] +  functions: Using node@16 from host. {"metadata":{"emulator":{"name":"functions"},"message":"Using node@16 from host."}}
[debug] [2022-12-02T05:17:05.814Z] defaultcredentials: writing to file C:\Users\Aryan Maurya\AppData\Roaming\firebase\aryanmaurya383_gmail_com_application_default_credentials.json
[debug] [2022-12-02T05:17:05.826Z] Setting GAC to C:\Users\Aryan Maurya\AppData\Roaming\firebase\aryanmaurya383_gmail_com_application_default_credentials.json {"metadata":{"emulator":{"name":"functions"},"message":"Setting GAC to C:\\Users\\Aryan Maurya\\AppData\\Roaming\\firebase\\aryanmaurya383_gmail_com_application_default_credentials.json"}}
[debug] [2022-12-02T05:17:05.832Z] >>> [apiv2][query] GET https://firebase.googleapis.com/v1beta1/projects/react-clone-616b4/adminSdkConfig [none]
[debug] [2022-12-02T05:17:06.415Z] <<< [apiv2][status] GET https://firebase.googleapis.com/v1beta1/projects/react-clone-616b4/adminSdkConfig 200
[debug] [2022-12-02T05:17:06.416Z] <<< [apiv2][body] GET https://firebase.googleapis.com/v1beta1/projects/react-clone-616b4/adminSdkConfig {"projectId":"react-clone-616b4","storageBucket":"react-clone-616b4.appspot.com","locationId":"us-central"}
[debug] [2022-12-02T05:17:06.456Z] >>> [apiv2][query] GET https://firebasehosting.googleapis.com/v1beta1/projects/react-clone-616b4/sites 
[debug] [2022-12-02T05:17:07.554Z] <<< [apiv2][status] GET https://firebasehosting.googleapis.com/v1beta1/projects/react-clone-616b4/sites 200
[debug] [2022-12-02T05:17:07.554Z] <<< [apiv2][body] GET https://firebasehosting.googleapis.com/v1beta1/projects/react-clone-616b4/sites {"sites":[{"name":"projects/react-clone-616b4/sites/react-clone-616b4","defaultUrl":"https://react-clone-616b4.web.app","appId":"1:15610551189:web:b2d606a8e7c930a4a2749c","type":"DEFAULT_SITE"}]}
[debug] [2022-12-02T05:17:07.555Z] >>> [apiv2][query] GET https://firebase.googleapis.com/v1beta1/projects/react-clone-616b4/webApps/1:15610551189:web:b2d606a8e7c930a4a2749c/config [none]
[debug] [2022-12-02T05:17:08.946Z] <<< [apiv2][status] GET https://firebase.googleapis.com/v1beta1/projects/react-clone-616b4/webApps/1:15610551189:web:b2d606a8e7c930a4a2749c/config 200
[debug] [2022-12-02T05:17:08.947Z] <<< [apiv2][body] GET https://firebase.googleapis.com/v1beta1/projects/react-clone-616b4/webApps/1:15610551189:web:b2d606a8e7c930a4a2749c/config {"projectId":"react-clone-616b4","appId":"1:15610551189:web:b2d606a8e7c930a4a2749c","storageBucket":"react-clone-616b4.appspot.com","locationId":"us-central","apiKey":"AIzaSyAGwbq5xIYQ2MpBqgunwLjcqQc7wFO-tG4","authDomain":"react-clone-616b4.firebaseapp.com","messagingSenderId":"15610551189","measurementId":"G-S8507N5TE3"}
[debug] [2022-12-02T05:17:08.960Z] >>> [apiv2][query] GET https://firebase.googleapis.com/v1beta1/projects/react-clone-616b4 [none]
[debug] [2022-12-02T05:17:09.431Z] <<< [apiv2][status] GET https://firebase.googleapis.com/v1beta1/projects/react-clone-616b4 200
[debug] [2022-12-02T05:17:09.431Z] <<< [apiv2][body] GET https://firebase.googleapis.com/v1beta1/projects/react-clone-616b4 {"projectId":"react-clone-616b4","projectNumber":"15610551189","displayName":"amazon-react-clone","name":"projects/react-clone-616b4","resources":{"hostingSite":"react-clone-616b4","storageBucket":"react-clone-616b4.appspot.com","locationId":"us-central"},"state":"ACTIVE","etag":"1_c49ee46e-06ab-4be1-a4ac-b814800f0924"}
[info] i  hosting[react-clone-616b4]: Serving hosting files from: build {"metadata":{"emulator":{"name":"hosting"},"message":"Serving hosting files from: \u001b[1mbuild\u001b[22m"}}
[info] +  hosting[react-clone-616b4]: Local server: http://127.0.0.1:5000 {"metadata":{"emulator":{"name":"hosting"},"message":"Local server: \u001b[4m\u001b[1mhttp://127.0.0.1:5000\u001b[22m\u001b[24m"}}
[debug] [2022-12-02T05:17:09.471Z] Ignoring unsupported arg: auto_download {"metadata":{"emulator":{"name":"ui"},"message":"Ignoring unsupported arg: auto_download"}}
[debug] [2022-12-02T05:17:09.471Z] Ignoring unsupported arg: port {"metadata":{"emulator":{"name":"ui"},"message":"Ignoring unsupported arg: port"}}
[debug] [2022-12-02T05:17:09.471Z] Starting Emulator UI with command {"binary":"node","args":["C:\\Users\\Aryan Maurya\\.cache\\firebase\\emulators\\ui-v1.11.1\\server\\server.js"],"optionalArgs":[],"joinArgs":false} {"metadata":{"emulator":{"name":"ui"},"message":"Starting Emulator UI with command {\"binary\":\"node\",\"args\":[\"C:\\\\Users\\\\Aryan Maurya\\\\.cache\\\\firebase\\\\emulators\\\\ui-v1.11.1\\\\server\\\\server.js\"],\"optionalArgs\":[],\"joinArgs\":false}"}}
[info] i  ui: Emulator UI logging to ui-debug.log {"metadata":{"emulator":{"name":"ui"},"message":"Emulator UI logging to \u001b[1mui-debug.log\u001b[22m"}}
[debug] [2022-12-02T05:17:09.662Z] Web / API server started at 127.0.0.1:4000
 {"metadata":{"emulator":{"name":"ui"},"message":"Web / API server started at 127.0.0.1:4000\n"}}
[debug] [2022-12-02T05:17:09.662Z] Web / API server started at ::1:4000
 {"metadata":{"emulator":{"name":"ui"},"message":"Web / API server started at ::1:4000\n"}}
[info] i  functions: Watching "D:\Programming\Web Dev\amazon-clone\amazon-react-clone\functions" for Cloud Functions... {"metadata":{"emulator":{"name":"functions"},"message":"Watching \"D:\\Programming\\Web Dev\\amazon-clone\\amazon-react-clone\\functions\" for Cloud Functions..."}}
[debug] [2022-12-02T05:17:09.780Z] Validating nodejs source
[warn] !  functions: package.json indicates an outdated version of firebase-functions. Please upgrade using npm install --save firebase-functions@latest in your functions directory. 
[warn] !  functions: Please note that there will be breaking changes when you upgrade. 
[debug] [2022-12-02T05:17:12.886Z] > [functions] package.json contents: {
  "name": "functions",
  "description": "Cloud Functions for Firebase",
  "scripts": {
    "lint": "eslint",
    "serve": "firebase emulators:start --only functions",
    "shell": "firebase functions:shell",
    "start": "npm run shell",
    "deploy": "firebase deploy --only functions",
    "logs": "firebase functions:log"
  },
  "engines": {
    "node": "16"
  },
  "main": "index.js",
  "dependencies": {
    "body-parser": "^1.20.1",
    "cors": "^2.8.5",
    "express": "^4.18.2",
    "firebase-admin": "^10.0.2",
    "firebase-functions": "^3.18.0",
    "stripe": "^11.1.0"
  },
  "devDependencies": {
    "eslint": "^8.9.0",
    "eslint-config-google": "^0.14.0",
    "firebase-functions-test": "^0.2.0"
  },
  "private": true
}
[debug] [2022-12-02T05:17:12.887Z] Building nodejs source
[debug] [2022-12-02T05:17:12.887Z] Analyzing nodejs backend spec
[debug] [2022-12-02T05:17:12.889Z] Could not find functions.yaml. Must use http discovery
[debug] [2022-12-02T05:17:13.177Z] Serving at port 9005

[debug] [2022-12-02T05:17:13.191Z] Got response from /__/functions.yaml Failed to generate manifest from function source: SyntaxError: Cannot use import statement outside a module
[debug] [2022-12-02T05:17:13.194Z] Failed to parse functions.yamlincomplete explicit mapping pair; a key node is missed; or followed by a non-tabulated empty line at line 1, column 62:
     ... rom function source: SyntaxError: Cannot use import statement ou ... 
                                         ^ {"name":"YAMLException","reason":"incomplete explicit mapping pair; a key node is missed; or followed by a non-tabulated empty line","mark":{"name":null,"buffer":"Failed to generate manifest from function source: SyntaxError: Cannot use import statement outside a module\n\u0000","position":61,"line":0,"column":61},"message":"incomplete explicit mapping pair; a key node is missed; or followed by a non-tabulated empty line at line 1, column 62:\n     ... rom function source: SyntaxError: Cannot use import statement ou ... \n                                         ^"}
[debug] [2022-12-02T05:17:13.198Z] shutdown requested via /__/quitquitquit

[error] !!  functions: Failed to load function definition from source: FirebaseError: Failed to load function definition from source: Failed to generate manifest from function source: SyntaxError: Cannot use import statement outside a module {"metadata":{"emulator":{"name":"functions"},"message":"Failed to load function definition from source: FirebaseError: Failed to load function definition from source: Failed to generate manifest from function source: SyntaxError: Cannot use import statement outside a module"}}
[info] 
┌─────────────────────────────────────────────────────────────┐
│ ✔  All emulators ready! It is now safe to connect your app. │
│ i  View Emulator UI at http://127.0.0.1:4000/               │
└─────────────────────────────────────────────────────────────┘

┌───────────┬────────────────┬─────────────────────────────────┐
│ Emulator  │ Host:Port      │ View in Emulator UI             │
├───────────┼────────────────┼─────────────────────────────────┤
│ Functions │ 127.0.0.1:5001 │ http://127.0.0.1:4000/functions │
├───────────┼────────────────┼─────────────────────────────────┤
│ Hosting   │ 127.0.0.1:5000 │ n/a                             │
└───────────┴────────────────┴─────────────────────────────────┘
  Emulator Hub running at 127.0.0.1:4400
  Other reserved ports: 4500

Issues? Report them at https://github.com/firebase/firebase-tools/issues and attach the *-debug.log files.
 
[debug] [2022-12-02T05:17:57.108Z] File D:\Programming\Web Dev\amazon-clone\amazon-react-clone\functions\index.js changed, reloading triggers {"metadata":{"emulator":{"name":"functions"},"message":"File D:\\Programming\\Web Dev\\amazon-clone\\amazon-react-clone\\functions\\index.js changed, reloading triggers"}}
[debug] [2022-12-02T05:17:58.115Z] Validating nodejs source
[warn] !  functions: package.json indicates an outdated version of firebase-functions. Please upgrade using npm install --save firebase-functions@latest in your functions directory. 
[warn] !  functions: Please note that there will be breaking changes when you upgrade. 
[debug] [2022-12-02T05:18:01.945Z] > [functions] package.json contents: {
  "name": "functions",
  "description": "Cloud Functions for Firebase",
  "scripts": {
    "lint": "eslint",
    "serve": "firebase emulators:start --only functions",
    "shell": "firebase functions:shell",
    "start": "npm run shell",
    "deploy": "firebase deploy --only functions",
    "logs": "firebase functions:log"
  },
  "engines": {
    "node": "16"
  },
  "main": "index.js",
  "dependencies": {
    "body-parser": "^1.20.1",
    "cors": "^2.8.5",
    "express": "^4.18.2",
    "firebase-admin": "^10.0.2",
    "firebase-functions": "^3.18.0",
    "stripe": "^11.1.0"
  },
  "devDependencies": {
    "eslint": "^8.9.0",
    "eslint-config-google": "^0.14.0",
    "firebase-functions-test": "^0.2.0"
  },
  "private": true
}
[debug] [2022-12-02T05:18:01.945Z] Building nodejs source
[debug] [2022-12-02T05:18:01.945Z] Analyzing nodejs backend spec
[debug] [2022-12-02T05:18:01.947Z] Could not find functions.yaml. Must use http discovery
[debug] [2022-12-02T05:18:02.403Z] Serving at port 9005

[debug] [2022-12-02T05:18:02.945Z] Got response from /__/functions.yaml Failed to generate manifest from function source: ReferenceError: secretTestKey is not defined
[debug] [2022-12-02T05:18:02.946Z] Failed to parse functions.yamlincomplete explicit mapping pair; a key node is missed; or followed by a non-tabulated empty line at line 1, column 65:
     ...  function source: ReferenceError: secretTestKey is not defined
                                         ^ {"name":"YAMLException","reason":"incomplete explicit mapping pair; a key node is missed; or followed by a non-tabulated empty line","mark":{"name":null,"buffer":"Failed to generate manifest from function source: ReferenceError: secretTestKey is not defined\n\u0000","position":64,"line":0,"column":64},"message":"incomplete explicit mapping pair; a key node is missed; or followed by a non-tabulated empty line at line 1, column 65:\n     ...  function source: ReferenceError: secretTestKey is not defined\n                                         ^"}
[debug] [2022-12-02T05:18:02.952Z] shutdown requested via /__/quitquitquit

[error] !!  functions: Failed to load function definition from source: FirebaseError: Failed to load function definition from source: Failed to generate manifest from function source: ReferenceError: secretTestKey is not defined {"metadata":{"emulator":{"name":"functions"},"message":"Failed to load function definition from source: FirebaseError: Failed to load function definition from source: Failed to generate manifest from function source: ReferenceError: secretTestKey is not defined"}}
[debug] [2022-12-02T05:18:37.960Z] File D:\Programming\Web Dev\amazon-clone\amazon-react-clone\functions\SecretTestKey.js changed, reloading triggers {"metadata":{"emulator":{"name":"functions"},"message":"File D:\\Programming\\Web Dev\\amazon-clone\\amazon-react-clone\\functions\\SecretTestKey.js changed, reloading triggers"}}
[debug] [2022-12-02T05:18:38.972Z] Validating nodejs source
[warn] !  functions: package.json indicates an outdated version of firebase-functions. Please upgrade using npm install --save firebase-functions@latest in your functions directory. 
[warn] !  functions: Please note that there will be breaking changes when you upgrade. 
[debug] [2022-12-02T05:18:42.536Z] > [functions] package.json contents: {
  "name": "functions",
  "description": "Cloud Functions for Firebase",
  "scripts": {
    "lint": "eslint",
    "serve": "firebase emulators:start --only functions",
    "shell": "firebase functions:shell",
    "start": "npm run shell",
    "deploy": "firebase deploy --only functions",
    "logs": "firebase functions:log"
  },
  "engines": {
    "node": "16"
  },
  "main": "index.js",
  "dependencies": {
    "body-parser": "^1.20.1",
    "cors": "^2.8.5",
    "express": "^4.18.2",
    "firebase-admin": "^10.0.2",
    "firebase-functions": "^3.18.0",
    "stripe": "^11.1.0"
  },
  "devDependencies": {
    "eslint": "^8.9.0",
    "eslint-config-google": "^0.14.0",
    "firebase-functions-test": "^0.2.0"
  },
  "private": true
}
[debug] [2022-12-02T05:18:42.536Z] Building nodejs source
[debug] [2022-12-02T05:18:42.536Z] Analyzing nodejs backend spec
[debug] [2022-12-02T05:18:42.538Z] Could not find functions.yaml. Must use http discovery
[debug] [2022-12-02T05:18:42.923Z] Serving at port 9005

[debug] [2022-12-02T05:18:42.977Z] File D:\Programming\Web Dev\amazon-clone\amazon-react-clone\functions\SecretTestKey.js changed, reloading triggers {"metadata":{"emulator":{"name":"functions"},"message":"File D:\\Programming\\Web Dev\\amazon-clone\\amazon-react-clone\\functions\\SecretTestKey.js changed, reloading triggers"}}
[debug] [2022-12-02T05:18:43.183Z] Got response from /__/functions.yaml Failed to generate manifest from function source: ReferenceError: secretTestKey is not defined
[debug] [2022-12-02T05:18:43.183Z] Failed to parse functions.yamlincomplete explicit mapping pair; a key node is missed; or followed by a non-tabulated empty line at line 1, column 65:
     ...  function source: ReferenceError: secretTestKey is not defined
                                         ^ {"name":"YAMLException","reason":"incomplete explicit mapping pair; a key node is missed; or followed by a non-tabulated empty line","mark":{"name":null,"buffer":"Failed to generate manifest from function source: ReferenceError: secretTestKey is not defined\n\u0000","position":64,"line":0,"column":64},"message":"incomplete explicit mapping pair; a key node is missed; or followed by a non-tabulated empty line at line 1, column 65:\n     ...  function source: ReferenceError: secretTestKey is not defined\n                                         ^"}
[debug] [2022-12-02T05:18:43.194Z] shutdown requested via /__/quitquitquit

[error] !!  functions: Failed to load function definition from source: FirebaseError: Failed to load function definition from source: Failed to generate manifest from function source: ReferenceError: secretTestKey is not defined {"metadata":{"emulator":{"name":"functions"},"message":"Failed to load function definition from source: FirebaseError: Failed to load function definition from source: Failed to generate manifest from function source: ReferenceError: secretTestKey is not defined"}}
[debug] [2022-12-02T05:18:43.987Z] Validating nodejs source
[warn] !  functions: package.json indicates an outdated version of firebase-functions. Please upgrade using npm install --save firebase-functions@latest in your functions directory. 
[warn] !  functions: Please note that there will be breaking changes when you upgrade. 
[debug] [2022-12-02T05:18:47.547Z] > [functions] package.json contents: {
  "name": "functions",
  "description": "Cloud Functions for Firebase",
  "scripts": {
    "lint": "eslint",
    "serve": "firebase emulators:start --only functions",
    "shell": "firebase functions:shell",
    "start": "npm run shell",
    "deploy": "firebase deploy --only functions",
    "logs": "firebase functions:log"
  },
  "engines": {
    "node": "16"
  },
  "main": "index.js",
  "dependencies": {
    "body-parser": "^1.20.1",
    "cors": "^2.8.5",
    "express": "^4.18.2",
    "firebase-admin": "^10.0.2",
    "firebase-functions": "^3.18.0",
    "stripe": "^11.1.0"
  },
  "devDependencies": {
    "eslint": "^8.9.0",
    "eslint-config-google": "^0.14.0",
    "firebase-functions-test": "^0.2.0"
  },
  "private": true
}
[debug] [2022-12-02T05:18:47.548Z] Building nodejs source
[debug] [2022-12-02T05:18:47.548Z] Analyzing nodejs backend spec
[debug] [2022-12-02T05:18:47.549Z] Could not find functions.yaml. Must use http discovery
[debug] [2022-12-02T05:18:47.895Z] Serving at port 9005

[debug] [2022-12-02T05:18:48.126Z] Got response from /__/functions.yaml Failed to generate manifest from function source: ReferenceError: secretTestKey is not defined
[debug] [2022-12-02T05:18:48.126Z] Failed to parse functions.yamlincomplete explicit mapping pair; a key node is missed; or followed by a non-tabulated empty line at line 1, column 65:
     ...  function source: ReferenceError: secretTestKey is not defined
                                         ^ {"name":"YAMLException","reason":"incomplete explicit mapping pair; a key node is missed; or followed by a non-tabulated empty line","mark":{"name":null,"buffer":"Failed to generate manifest from function source: ReferenceError: secretTestKey is not defined\n\u0000","position":64,"line":0,"column":64},"message":"incomplete explicit mapping pair; a key node is missed; or followed by a non-tabulated empty line at line 1, column 65:\n     ...  function source: ReferenceError: secretTestKey is not defined\n                                         ^"}
[debug] [2022-12-02T05:18:48.133Z] shutdown requested via /__/quitquitquit

[error] !!  functions: Failed to load function definition from source: FirebaseError: Failed to load function definition from source: Failed to generate manifest from function source: ReferenceError: secretTestKey is not defined {"metadata":{"emulator":{"name":"functions"},"message":"Failed to load function definition from source: FirebaseError: Failed to load function definition from source: Failed to generate manifest from function source: ReferenceError: secretTestKey is not defined"}}
[debug] [2022-12-02T05:18:54.533Z] File D:\Programming\Web Dev\amazon-clone\amazon-react-clone\functions\SecretTestKey.js changed, reloading triggers {"metadata":{"emulator":{"name":"functions"},"message":"File D:\\Programming\\Web Dev\\amazon-clone\\amazon-react-clone\\functions\\SecretTestKey.js changed, reloading triggers"}}
[debug] [2022-12-02T05:18:55.537Z] Validating nodejs source
[warn] !  functions: package.json indicates an outdated version of firebase-functions. Please upgrade using npm install --save firebase-functions@latest in your functions directory. 
[warn] !  functions: Please note that there will be breaking changes when you upgrade. 
[debug] [2022-12-02T05:18:59.168Z] > [functions] package.json contents: {
  "name": "functions",
  "description": "Cloud Functions for Firebase",
  "scripts": {
    "lint": "eslint",
    "serve": "firebase emulators:start --only functions",
    "shell": "firebase functions:shell",
    "start": "npm run shell",
    "deploy": "firebase deploy --only functions",
    "logs": "firebase functions:log"
  },
  "engines": {
    "node": "16"
  },
  "main": "index.js",
  "dependencies": {
    "body-parser": "^1.20.1",
    "cors": "^2.8.5",
    "express": "^4.18.2",
    "firebase-admin": "^10.0.2",
    "firebase-functions": "^3.18.0",
    "stripe": "^11.1.0"
  },
  "devDependencies": {
    "eslint": "^8.9.0",
    "eslint-config-google": "^0.14.0",
    "firebase-functions-test": "^0.2.0"
  },
  "private": true
}
[debug] [2022-12-02T05:18:59.169Z] Building nodejs source
[debug] [2022-12-02T05:18:59.169Z] Analyzing nodejs backend spec
[debug] [2022-12-02T05:18:59.170Z] Could not find functions.yaml. Must use http discovery
[debug] [2022-12-02T05:18:59.534Z] Serving at port 9005

[debug] [2022-12-02T05:18:59.737Z] Got response from /__/functions.yaml Failed to generate manifest from function source: ReferenceError: secretTestKey is not defined
[debug] [2022-12-02T05:18:59.738Z] Failed to parse functions.yamlincomplete explicit mapping pair; a key node is missed; or followed by a non-tabulated empty line at line 1, column 65:
     ...  function source: ReferenceError: secretTestKey is not defined
                                         ^ {"name":"YAMLException","reason":"incomplete explicit mapping pair; a key node is missed; or followed by a non-tabulated empty line","mark":{"name":null,"buffer":"Failed to generate manifest from function source: ReferenceError: secretTestKey is not defined\n\u0000","position":64,"line":0,"column":64},"message":"incomplete explicit mapping pair; a key node is missed; or followed by a non-tabulated empty line at line 1, column 65:\n     ...  function source: ReferenceError: secretTestKey is not defined\n                                         ^"}
[debug] [2022-12-02T05:18:59.744Z] shutdown requested via /__/quitquitquit

[error] !!  functions: Failed to load function definition from source: FirebaseError: Failed to load function definition from source: Failed to generate manifest from function source: ReferenceError: secretTestKey is not defined {"metadata":{"emulator":{"name":"functions"},"message":"Failed to load function definition from source: FirebaseError: Failed to load function definition from source: Failed to generate manifest from function source: ReferenceError: secretTestKey is not defined"}}
[debug] [2022-12-02T05:19:15.366Z] File D:\Programming\Web Dev\amazon-clone\amazon-react-clone\functions\index.js changed, reloading triggers {"metadata":{"emulator":{"name":"functions"},"message":"File D:\\Programming\\Web Dev\\amazon-clone\\amazon-react-clone\\functions\\index.js changed, reloading triggers"}}
[debug] [2022-12-02T05:19:16.369Z] Validating nodejs source
[warn] !  functions: package.json indicates an outdated version of firebase-functions. Please upgrade using npm install --save firebase-functions@latest in your functions directory. 
[warn] !  functions: Please note that there will be breaking changes when you upgrade. 
[debug] [2022-12-02T05:19:20.695Z] > [functions] package.json contents: {
  "name": "functions",
  "description": "Cloud Functions for Firebase",
  "scripts": {
    "lint": "eslint",
    "serve": "firebase emulators:start --only functions",
    "shell": "firebase functions:shell",
    "start": "npm run shell",
    "deploy": "firebase deploy --only functions",
    "logs": "firebase functions:log"
  },
  "engines": {
    "node": "16"
  },
  "main": "index.js",
  "dependencies": {
    "body-parser": "^1.20.1",
    "cors": "^2.8.5",
    "express": "^4.18.2",
    "firebase-admin": "^10.0.2",
    "firebase-functions": "^3.18.0",
    "stripe": "^11.1.0"
  },
  "devDependencies": {
    "eslint": "^8.9.0",
    "eslint-config-google": "^0.14.0",
    "firebase-functions-test": "^0.2.0"
  },
  "private": true
}
[debug] [2022-12-02T05:19:20.695Z] Building nodejs source
[debug] [2022-12-02T05:19:20.695Z] Analyzing nodejs backend spec
[debug] [2022-12-02T05:19:20.697Z] Could not find functions.yaml. Must use http discovery
[debug] [2022-12-02T05:19:20.713Z] File D:\Programming\Web Dev\amazon-clone\amazon-react-clone\functions\index.js changed, reloading triggers {"metadata":{"emulator":{"name":"functions"},"message":"File D:\\Programming\\Web Dev\\amazon-clone\\amazon-react-clone\\functions\\index.js changed, reloading triggers"}}
[debug] [2022-12-02T05:19:21.110Z] Serving at port 9005

[debug] [2022-12-02T05:19:21.338Z] Got response from /__/functions.yaml {"endpoints":{"api":{"platform":"gcfv1","httpsTrigger":{},"entryPoint":"api"}},"specVersion":"v1alpha1","requiredAPIs":[]}
[debug] [2022-12-02T05:19:21.349Z] shutdown requested via /__/quitquitquit

[info] +  functions: Loaded functions definitions from source: api. {"metadata":{"emulator":{"name":"functions"},"message":"Loaded functions definitions from source: api."}}
[info] +  functions[us-central1-api]: http function initialized (http://127.0.0.1:5001/react-clone-616b4/us-central1/api). {"metadata":{"emulator":{"name":"functions"},"message":"\u001b[1mhttp\u001b[22m function initialized (http://127.0.0.1:5001/react-clone-616b4/us-central1/api)."}}
[debug] [2022-12-02T05:19:21.723Z] Validating nodejs source
[warn] !  functions: package.json indicates an outdated version of firebase-functions. Please upgrade using npm install --save firebase-functions@latest in your functions directory. 
[warn] !  functions: Please note that there will be breaking changes when you upgrade. 
[debug] [2022-12-02T05:19:25.300Z] > [functions] package.json contents: {
  "name": "functions",
  "description": "Cloud Functions for Firebase",
  "scripts": {
    "lint": "eslint",
    "serve": "firebase emulators:start --only functions",
    "shell": "firebase functions:shell",
    "start": "npm run shell",
    "deploy": "firebase deploy --only functions",
    "logs": "firebase functions:log"
  },
  "engines": {
    "node": "16"
  },
  "main": "index.js",
  "dependencies": {
    "body-parser": "^1.20.1",
    "cors": "^2.8.5",
    "express": "^4.18.2",
    "firebase-admin": "^10.0.2",
    "firebase-functions": "^3.18.0",
    "stripe": "^11.1.0"
  },
  "devDependencies": {
    "eslint": "^8.9.0",
    "eslint-config-google": "^0.14.0",
    "firebase-functions-test": "^0.2.0"
  },
  "private": true
}
[debug] [2022-12-02T05:19:25.300Z] Building nodejs source
[debug] [2022-12-02T05:19:25.300Z] Analyzing nodejs backend spec
[debug] [2022-12-02T05:19:25.301Z] Could not find functions.yaml. Must use http discovery
[debug] [2022-12-02T05:19:25.596Z] Serving at port 9005

[debug] [2022-12-02T05:19:25.838Z] Got response from /__/functions.yaml {"endpoints":{"api":{"platform":"gcfv1","httpsTrigger":{},"entryPoint":"api"}},"specVersion":"v1alpha1","requiredAPIs":[]}
[debug] [2022-12-02T05:19:25.848Z] shutdown requested via /__/quitquitquit

[info] +  functions: Loaded functions definitions from source: api. {"metadata":{"emulator":{"name":"functions"},"message":"Loaded functions definitions from source: api."}}
